
ROM used:   1719/8192 (21%)
            1719/8192 (21%) including unused fragments

            2.3 Average locations per line
            38.2 Average locations per statement

RAM used:   20/368 (5%) at main() level
            42/368 (11%) worst case

Stack used: 2 worst case (2 in main + 0 for interrupts)
Stack size: 8

Lines Stmts  %   Files
----- ----- ---  -----
   94    45 100  sicaklik sensoru kod.c
  642     0   0  ..\..\..\..\..\Program Files (x86)\PICC\Devices\16f877.h
----- -----
  736    45 Total

Page ROM  %  RAM    Vol Diff  Functions:
---- --- --- ---    --- ----  ----------
0     21   1    1             @delay_ms1
0    424  25    4   1366  6.2  main
0     31   2    2             @ITOF
0    117   7   13             @MULFF
0    204  12   14             @DIVFF
0    323  19   16             @ADDFF
0     63   4   10             @FLT
0     10   1    0             @const610
0     89   5    5             @PSTRINGCN7_9600_62_63
 Inline         5             @FTOSD
0     79   5   13             @DIV3232
0    228  13   13             @PRINTF_L32D_9600_62_63FPFPF
0      6   0    0             @const621
0     88   5    4             @PSTRINGC7_9600_62_63
0     10   1    0             @const626
0      6   0    0             @const627
0     10   1    0             @const628
0      6   0    0             @const629
 Inline         0             @cinit1

Program metrics:
    Functions               1
    Statements              45
    Comments                115
    Volume (V)              1409
    Difficulty (D)          5.3
    Effort to implement (E) 7423
    Time to implement (T)   7 minutes
    Est Delivered Bugs (B)  0
    Cyclomatic Complexity   3
    Maintainability (MI)    32

 Segment     Used  Free
-----------  ----  ----
00000-00003     4  0  
00004-007FF  1715  329  
00800-00FFF     0  2048  
01000-017FF     0  2048  
01800-01FFF     0  2048  



